<?xml version="1.0" encoding="UTF-8"?>
<testsuite xmlns:xsi="http://www.w3.org/2001/XMLSchema-instance" xsi:noNamespaceSchemaLocation="https://maven.apache.org/surefire/maven-surefire-plugin/xsd/surefire-test-report-3.0.xsd" version="3.0" name="gestao.pessoal.aplicacao.CucumberRunnerTest" time="0.402" tests="13" errors="0" skipped="0" failures="0">
  <properties>
[...]
</properties>
  <testcase name="Cadastro com sucesso" classname="Cadastro e Login de Usuários" time="0.131"/>
  <testcase name="Cadastro com email já registrado" classname="Cadastro e Login de Usuários" time="0.016"/>
  <testcase name="Senhas não coincidentes" classname="Cadastro e Login de Usuários" time="0.01"/>
  <testcase name="Criação de um novo hábito com sucesso" classname="Gerenciamento de Hábitos de um Usuário" time="0.015"/>
  <testcase name="Tentar criar um hábito com nome em branco" classname="Gerenciamento de Hábitos de um Usuário" time="0.015"/>
  <testcase name="Tentar criar um hábito que já existe" classname="Gerenciamento de Hábitos de um Usuário" time="0.009"/>
  <testcase name="Edição de um hábito existente com sucesso" classname="Gerenciamento de Hábitos de um Usuário" time="0.011"/>
  <testcase name="Tentar editar um hábito para um nome em branco" classname="Gerenciamento de Hábitos de um Usuário" time="0.01"/>
  <testcase name="Tentar editar um hábito inexistente" classname="Gerenciamento de Hábitos de um Usuário" time="0.006"/>
  <testcase name="Exclusão de um hábito com sucesso" classname="Gerenciamento de Hábitos de um Usuário" time="0.013"/>
  <testcase name="Tentar excluir um hábito inexistente" classname="Gerenciamento de Hábitos de um Usuário" time="0.008"/>
  <testcase name="Listar múltiplos hábitos cadastrados" classname="Gerenciamento de Hábitos de um Usuário" time="0.006"/>
  <testcase name="Visualizar lista sem nenhum hábito cadastrado" classname="Gerenciamento de Hábitos de um Usuário" time="0.006"/>
</testsuite>