<?xml version="1.0" encoding="UTF-8"?>
<testsuite xmlns:xsi="http://www.w3.org/2001/XMLSchema-instance" xsi:noNamespaceSchemaLocation="https://maven.apache.org/surefire/maven-surefire-plugin/xsd/surefire-test-report-3.0.xsd" version="3.0" name="gestao.pessoal.aplicacao.CucumberRunnerTest" time="0.546" tests="39" errors="0" skipped="0" failures="0">
  <properties>
[...]
</properties>
  <testcase name="Cadastro com sucesso" classname="Cadastro e Login de Usuários" time="0.145"/>
  <testcase name="Cadastro com email já registrado" classname="Cadastro e Login de Usuários" time="0.024"/>
  <testcase name="Senhas não coincidentes" classname="Cadastro e Login de Usuários" time="0.015"/>
  <testcase name="1. Marcar hábito como feito com sucesso (Dia Atual)" classname="Check-in Diário de Hábitos" time="0.021"/>
  <testcase name="2. Desmarcar check-in (quando marcado errado)" classname="Check-in Diário de Hábitos" time="0.012"/>
  <testcase name="3. Visualizar check-ins de um calendário (Mês)" classname="Check-in Diário de Hábitos" time="0.014"/>
  <testcase name="4. Impedir check-in duplicado (Regra de Negócio)" classname="Check-in Diário de Hábitos" time="0.007"/>
  <testcase name="Edição de perfil do usuário" classname="Edição de Perfil do Usuário" time="0.008"/>
  <testcase name="Falha ao alterar email ou senha sem fornecer a senha atual" classname="Edição de Perfil do Usuário" time="0.015"/>
  <testcase name="Edição de senha com senhas novas não coincidentes" classname="Edição de Perfil do Usuário" time="0.007"/>
  <testcase name="Adicionar um amigo com sucesso" classname="Gerenciamento de Amizades" time="0.013"/>
  <testcase name="Remover um amigo com sucesso" classname="Gerenciamento de Amizades" time="0.006"/>
  <testcase name="Tentar adicionar a si mesmo como amigo" classname="Gerenciamento de Amizades" time="0.005"/>
  <testcase name="Tentar adicionar um usuário que já é amigo" classname="Gerenciamento de Amizades" time="0.005"/>
  <testcase name="Tentar adicionar um usuário que não existe" classname="Gerenciamento de Amizades" time="0.005"/>
  <testcase name="Listar amigos" classname="Gerenciamento de Amizades" time="0.007"/>
  <testcase name="Listar amigos quando não há nenhum" classname="Gerenciamento de Amizades" time="0.005"/>
  <testcase name="Criação de um novo hábito com sucesso" classname="Gerenciamento de Hábitos de um Usuário" time="0.007"/>
  <testcase name="Tentar criar um hábito com nome em branco" classname="Gerenciamento de Hábitos de um Usuário" time="0.004"/>
  <testcase name="Tentar criar um hábito que já existe" classname="Gerenciamento de Hábitos de um Usuário" time="0.003"/>
  <testcase name="Edição de um hábito existente com sucesso" classname="Gerenciamento de Hábitos de um Usuário" time="0.006"/>
  <testcase name="Tentar editar um hábito para um nome em branco" classname="Gerenciamento de Hábitos de um Usuário" time="0.005"/>
  <testcase name="Tentar editar um hábito inexistente" classname="Gerenciamento de Hábitos de um Usuário" time="0.003"/>
  <testcase name="Exclusão de um hábito com sucesso" classname="Gerenciamento de Hábitos de um Usuário" time="0.005"/>
  <testcase name="Tentar excluir um hábito inexistente" classname="Gerenciamento de Hábitos de um Usuário" time="0.003"/>
  <testcase name="Listar múltiplos hábitos cadastrados" classname="Gerenciamento de Hábitos de um Usuário" time="0.004"/>
  <testcase name="Visualizar lista sem nenhum hábito cadastrado" classname="Gerenciamento de Hábitos de um Usuário" time="0.004"/>
  <testcase name="Criar meta semanal com sucesso" classname="Gerenciamento de Metas Semanais e Mensais" time="0.01"/>
  <testcase name="Criar meta mensal com sucesso" classname="Gerenciamento de Metas Semanais e Mensais" time="0.004"/>
  <testcase name="Criar meta com tipo vazio" classname="Gerenciamento de Metas Semanais e Mensais" time="0.004"/>
  <testcase name="Atualizar meta existente" classname="Gerenciamento de Metas Semanais e Mensais" time="0.005"/>
  <testcase name="Excluir meta existente" classname="Gerenciamento de Metas Semanais e Mensais" time="0.006"/>
  <testcase name="Receber alerta de meta semanal quase não cumprida" classname="Gerenciamento de Metas Semanais e Mensais" time="0.011">
    <system-out><![CDATA[⚠️ Atenção! Você está perto de falhar a meta: Meta semanal
]]></system-out>
  </testcase>
  <testcase name="Receber alerta de meta mensal quase não cumprida" classname="Gerenciamento de Metas Semanais e Mensais" time="0.006">
    <system-out><![CDATA[⚠️ Atenção! Você está perto de falhar a meta: Meta mensal
]]></system-out>
  </testcase>
  <testcase name="Ganhar pontos ao realizar um check-in" classname="Sistema de Pontos e Níveis" time="0.007"/>
  <testcase name="Retirar pontos ao desfazer um check-in" classname="Sistema de Pontos e Níveis" time="0.003"/>
  <testcase name="Subir de nível ao atingir meta de pontos" classname="Sistema de Pontos e Níveis" time="0.004"/>
  <testcase name="Cair de nível ao retirar pontos necessário para a meta" classname="Sistema de Pontos e Níveis" time="0.003"/>
  <testcase name="Visualizar pontos e nível atual" classname="Sistema de Pontos e Níveis" time="0.004"/>
</testsuite>